Arguments: 
  C:\Program Files\nodejs\node.exe C:\Users\stuar\AppData\Roaming\npm\node_modules\yarn\bin\yarn.js remove react-input-pin-code

PATH: 
  C:\Python312\Scripts\;C:\Python312\;C:\Program Files (x86)\Common Files\Oracle\Java\javapath;C:\Windows\system32;C:\Windows;C:\Windows\System32\Wbem;C:\Windows\System32\WindowsPowerShell\v1.0\;C:\Windows\System32\OpenSSH\;C:\Program Files\Git\cmd;C:\Program Files\nodejs\;C:\ProgramData\chocolatey\bin;;C:\TDM-GCC-64\bin;C:\Users\stuar\AppData\Local\Microsoft\WindowsApps;;C:\Users\stuar\AppData\Local\Programs\Microsoft VS Code\bin;C:\Users\stuar\AppData\Roaming\npm

Yarn version: 
  1.22.19

Node version: 
  21.0.0

Platform: 
  win32 x64

Trace: 
  Error: EPERM: operation not permitted, unlink 'C:\Users\stuar\Bureau\Cours\SAE\Sae\node_modules\@img\sharp-win32-x64\lib\libvips-cpp.dll'

npm manifest: 
  {
    "dependencies": {
      "@babel/plugin-transform-react-jsx": "^7.14.9",
      "@types/node": "*",
      "axios": "^1.6.2",
      "bcrypt": "^5.1.1",
      "cors": "^2.8.5",
      "express": "^4.18.2",
      "mongoose": "^8.0.1",
      "multer": "^1.4.5-lts.1",
      "react": "^18.2.0",
      "react-color": "^2.19.3",
      "react-dom": "^18.2.0",
      "react-router-dom": "^6.18.0",
      "react-scripts": "^5.0.1",
      "sequelize": "^6.33.0",
      "sharp": "^0.33.0",
      "sqlite3": "^5.1.6",
      "styled-components": "^6.1.1",
      "ts-node": "^10.9.1",
      "typescript": "^5.2.2",
      "yarn": "^1.22.19"
    },
    "devDependencies": {
      "@types/react-color": "^3.0.10"
    }
  }

yarn manifest: 
  No manifest

Lockfile: 
  
